This is pdfTeX, Version 3.14159265-2.6-1.40.20 (TeX Live 2019) (preloaded format=pdflatex 2019.8.26)  17 APR 2020 14:05
entering extended mode
 restricted \write18 enabled.
 %&-line parsing enabled.
**HW5Report.tex
(./HW5Report.tex
LaTeX2e <2018-12-01>
(/usr/local/texlive/2019/texmf-dist/tex/latex/base/article.cls
Document Class: article 2018/09/03 v1.4i Standard LaTeX document class
(/usr/local/texlive/2019/texmf-dist/tex/latex/base/size10.clo
File: size10.clo 2018/09/03 v1.4i Standard LaTeX file (size option)
)
\c@part=\count80
\c@section=\count81
\c@subsection=\count82
\c@subsubsection=\count83
\c@paragraph=\count84
\c@subparagraph=\count85
\c@figure=\count86
\c@table=\count87
\abovecaptionskip=\skip41
\belowcaptionskip=\skip42
\bibindent=\dimen102
)
(/usr/local/texlive/2019/texmf-dist/tex/latex/amsmath/amsmath.sty
Package: amsmath 2018/12/01 v2.17b AMS math features
\@mathmargin=\skip43

For additional information on amsmath, use the `?' option.
(/usr/local/texlive/2019/texmf-dist/tex/latex/amsmath/amstext.sty
Package: amstext 2000/06/29 v2.01 AMS text

(/usr/local/texlive/2019/texmf-dist/tex/latex/amsmath/amsgen.sty
File: amsgen.sty 1999/11/30 v2.0 generic functions
\@emptytoks=\toks14
\ex@=\dimen103
))
(/usr/local/texlive/2019/texmf-dist/tex/latex/amsmath/amsbsy.sty
Package: amsbsy 1999/11/29 v1.2d Bold Symbols
\pmbraise@=\dimen104
)
(/usr/local/texlive/2019/texmf-dist/tex/latex/amsmath/amsopn.sty
Package: amsopn 2016/03/08 v2.02 operator names
)
\inf@bad=\count88
LaTeX Info: Redefining \frac on input line 223.
\uproot@=\count89
\leftroot@=\count90
LaTeX Info: Redefining \overline on input line 385.
\classnum@=\count91
\DOTSCASE@=\count92
LaTeX Info: Redefining \ldots on input line 482.
LaTeX Info: Redefining \dots on input line 485.
LaTeX Info: Redefining \cdots on input line 606.
\Mathstrutbox@=\box27
\strutbox@=\box28
\big@size=\dimen105
LaTeX Font Info:    Redeclaring font encoding OML on input line 729.
LaTeX Font Info:    Redeclaring font encoding OMS on input line 730.
\macc@depth=\count93
\c@MaxMatrixCols=\count94
\dotsspace@=\muskip10
\c@parentequation=\count95
\dspbrk@lvl=\count96
\tag@help=\toks15
\row@=\count97
\column@=\count98
\maxfields@=\count99
\andhelp@=\toks16
\eqnshift@=\dimen106
\alignsep@=\dimen107
\tagshift@=\dimen108
\tagwidth@=\dimen109
\totwidth@=\dimen110
\lineht@=\dimen111
\@envbody=\toks17
\multlinegap=\skip44
\multlinetaggap=\skip45
\mathdisplay@stack=\toks18
LaTeX Info: Redefining \[ on input line 2844.
LaTeX Info: Redefining \] on input line 2845.
)
(/usr/local/texlive/2019/texmf-dist/tex/latex/ncctools/nccmath.sty
Package: nccmath 2006/01/20 v1.3 Additional Math Commands (NCC)
\NCC@fracrulewidth=\dimen112
)
(/usr/local/texlive/2019/texmf-dist/tex/latex/enumitem/enumitem.sty
Package: enumitem 2019/02/04 v3.8 Customized lists
\enitkv@toks@=\toks19
\labelindent=\skip46
\enit@outerparindent=\dimen113
\enit@toks=\toks20
\enit@inbox=\box29
\enit@count@id=\count100
\enitdp@description=\count101
)
(/usr/local/texlive/2019/texmf-dist/tex/latex/graphics/graphicx.sty
Package: graphicx 2017/06/01 v1.1a Enhanced LaTeX Graphics (DPC,SPQR)

(/usr/local/texlive/2019/texmf-dist/tex/latex/graphics/keyval.sty
Package: keyval 2014/10/28 v1.15 key=value parser (DPC)
\KV@toks@=\toks21
)
(/usr/local/texlive/2019/texmf-dist/tex/latex/graphics/graphics.sty
Package: graphics 2017/06/25 v1.2c Standard LaTeX Graphics (DPC,SPQR)

(/usr/local/texlive/2019/texmf-dist/tex/latex/graphics/trig.sty
Package: trig 2016/01/03 v1.10 sin cos tan (DPC)
)
(/usr/local/texlive/2019/texmf-dist/tex/latex/graphics-cfg/graphics.cfg
File: graphics.cfg 2016/06/04 v1.11 sample graphics configuration
)
Package graphics Info: Driver file: pdftex.def on input line 99.

(/usr/local/texlive/2019/texmf-dist/tex/latex/graphics-def/pdftex.def
File: pdftex.def 2018/01/08 v1.0l Graphics/color driver for pdftex
))
\Gin@req@height=\dimen114
\Gin@req@width=\dimen115
)
(/usr/local/texlive/2019/texmf-dist/tex/latex/base/inputenc.sty
Package: inputenc 2018/08/11 v1.3c Input encoding file
\inpenc@prehook=\toks22
\inpenc@posthook=\toks23
)
(/usr/local/texlive/2019/texmf-dist/tex/latex/listings/listings.sty
\lst@mode=\count102
\lst@gtempboxa=\box30
\lst@token=\toks24
\lst@length=\count103
\lst@currlwidth=\dimen116
\lst@column=\count104
\lst@pos=\count105
\lst@lostspace=\dimen117
\lst@width=\dimen118
\lst@newlines=\count106
\lst@lineno=\count107
\lst@maxwidth=\dimen119

(/usr/local/texlive/2019/texmf-dist/tex/latex/listings/lstmisc.sty
File: lstmisc.sty 2019/02/27 1.8b (Carsten Heinz)
\c@lstnumber=\count108
\lst@skipnumbers=\count109
\lst@framebox=\box31
)
(/usr/local/texlive/2019/texmf-dist/tex/latex/listings/listings.cfg
File: listings.cfg 2019/02/27 1.8b listings configuration
))
Package: listings 2019/02/27 1.8b (Carsten Heinz)

(/usr/local/texlive/2019/texmf-dist/tex/latex/xcolor/xcolor.sty
Package: xcolor 2016/05/11 v2.12 LaTeX color extensions (UK)

(/usr/local/texlive/2019/texmf-dist/tex/latex/graphics-cfg/color.cfg
File: color.cfg 2016/01/02 v1.6 sample color configuration
)
Package xcolor Info: Driver file: pdftex.def on input line 225.
Package xcolor Info: Model `cmy' substituted by `cmy0' on input line 1348.
Package xcolor Info: Model `hsb' substituted by `rgb' on input line 1352.
Package xcolor Info: Model `RGB' extended on input line 1364.
Package xcolor Info: Model `HTML' substituted by `rgb' on input line 1366.
Package xcolor Info: Model `Hsb' substituted by `hsb' on input line 1367.
Package xcolor Info: Model `tHsb' substituted by `hsb' on input line 1368.
Package xcolor Info: Model `HSB' substituted by `hsb' on input line 1369.
Package xcolor Info: Model `Gray' substituted by `gray' on input line 1370.
Package xcolor Info: Model `wave' substituted by `hsb' on input line 1371.
)
(/usr/local/texlive/2019/texmf-dist/tex/latex/float/float.sty
Package: float 2001/11/08 v1.3d Float enhancements (AL)
\c@float@type=\count110
\float@exts=\toks25
\float@box=\box32
\@float@everytoks=\toks26
\@floatcapt=\box33
) (./HW5Report.aux)
\openout1 = `HW5Report.aux'.

LaTeX Font Info:    Checking defaults for OML/cmm/m/it on input line 50.
LaTeX Font Info:    ... okay on input line 50.
LaTeX Font Info:    Checking defaults for T1/cmr/m/n on input line 50.
LaTeX Font Info:    ... okay on input line 50.
LaTeX Font Info:    Checking defaults for OT1/cmr/m/n on input line 50.
LaTeX Font Info:    ... okay on input line 50.
LaTeX Font Info:    Checking defaults for OMS/cmsy/m/n on input line 50.
LaTeX Font Info:    ... okay on input line 50.
LaTeX Font Info:    Checking defaults for OMX/cmex/m/n on input line 50.
LaTeX Font Info:    ... okay on input line 50.
LaTeX Font Info:    Checking defaults for U/cmr/m/n on input line 50.
LaTeX Font Info:    ... okay on input line 50.
 (/usr/local/texlive/2019/texmf-dist/tex/context/base/mkii/supp-pdf.mkii
[Loading MPS to PDF converter (version 2006.09.02).]
\scratchcounter=\count111
\scratchdimen=\dimen120
\scratchbox=\box34
\nofMPsegments=\count112
\nofMParguments=\count113
\everyMPshowfont=\toks27
\MPscratchCnt=\count114
\MPscratchDim=\dimen121
\MPnumerator=\count115
\makeMPintoPDFobject=\count116
\everyMPtoPDFconversion=\toks28
) (/usr/local/texlive/2019/texmf-dist/tex/latex/oberdiek/epstopdf-base.sty
Package: epstopdf-base 2016/05/15 v2.6 Base part for package epstopdf

(/usr/local/texlive/2019/texmf-dist/tex/generic/oberdiek/infwarerr.sty
Package: infwarerr 2016/05/16 v1.4 Providing info/warning/error messages (HO)
)
(/usr/local/texlive/2019/texmf-dist/tex/latex/oberdiek/grfext.sty
Package: grfext 2016/05/16 v1.2 Manage graphics extensions (HO)

(/usr/local/texlive/2019/texmf-dist/tex/generic/oberdiek/kvdefinekeys.sty
Package: kvdefinekeys 2016/05/16 v1.4 Define keys (HO)

(/usr/local/texlive/2019/texmf-dist/tex/generic/oberdiek/ltxcmds.sty
Package: ltxcmds 2016/05/16 v1.23 LaTeX kernel commands for general use (HO)
)))
(/usr/local/texlive/2019/texmf-dist/tex/latex/oberdiek/kvoptions.sty
Package: kvoptions 2016/05/16 v3.12 Key value format for package options (HO)

(/usr/local/texlive/2019/texmf-dist/tex/generic/oberdiek/kvsetkeys.sty
Package: kvsetkeys 2016/05/16 v1.17 Key value parser (HO)

(/usr/local/texlive/2019/texmf-dist/tex/generic/oberdiek/etexcmds.sty
Package: etexcmds 2016/05/16 v1.6 Avoid name clashes with e-TeX commands (HO)

(/usr/local/texlive/2019/texmf-dist/tex/generic/oberdiek/ifluatex.sty
Package: ifluatex 2016/05/16 v1.4 Provides the ifluatex switch (HO)
Package ifluatex Info: LuaTeX not detected.
))))
(/usr/local/texlive/2019/texmf-dist/tex/generic/oberdiek/pdftexcmds.sty
Package: pdftexcmds 2018/09/10 v0.29 Utility functions of pdfTeX for LuaTeX (HO
)

(/usr/local/texlive/2019/texmf-dist/tex/generic/oberdiek/ifpdf.sty
Package: ifpdf 2018/09/07 v3.3 Provides the ifpdf switch
)
Package pdftexcmds Info: LuaTeX not detected.
Package pdftexcmds Info: \pdf@primitive is available.
Package pdftexcmds Info: \pdf@ifprimitive is available.
Package pdftexcmds Info: \pdfdraftmode found.
)
Package epstopdf-base Info: Redefining graphics rule for `.eps' on input line 4
38.
Package grfext Info: Graphics extension search list:
(grfext)             [.pdf,.png,.jpg,.mps,.jpeg,.jbig2,.jb2,.PDF,.PNG,.JPG,.JPE
G,.JBIG2,.JB2,.eps]
(grfext)             \AppendGraphicsExtensions on input line 456.

(/usr/local/texlive/2019/texmf-dist/tex/latex/latexconfig/epstopdf-sys.cfg
File: epstopdf-sys.cfg 2010/07/13 v1.3 Configuration of (r)epstopdf for TeX Liv
e
))
\c@lstlisting=\count117

Overfull \hbox (20.25192pt too wide) in paragraph at lines 52--52
 [][] 
 []

<RobertMixed03.jpg, id=1, 147.30191pt x 110.47644pt>
File: RobertMixed03.jpg Graphic file (type jpg)
<use RobertMixed03.jpg>
Package pdftex.def Info: RobertMixed03.jpg  used on input line 65.
(pdftex.def)             Requested size: 241.49895pt x 181.12859pt.
[1

{/usr/local/texlive/2019/texmf-var/fonts/map/pdftex/updmap/pdftex.map} <./Rober
tMixed03.jpg>] [2]
<fish_parta_means_10.png, id=16, 331.2375pt x 252.945pt>
File: fish_parta_means_10.png Graphic file (type png)
<use fish_parta_means_10.png>
Package pdftex.def Info: fish_parta_means_10.png  used on input line 193.
(pdftex.def)             Requested size: 241.49895pt x 184.41673pt.
 [3]
<fish_parta_means_20.png, id=21, 331.2375pt x 252.945pt>
File: fish_parta_means_20.png Graphic file (type png)
<use fish_parta_means_20.png>
Package pdftex.def Info: fish_parta_means_20.png  used on input line 200.
(pdftex.def)             Requested size: 241.49895pt x 184.41673pt.
<fish_parta_means_50.png, id=22, 331.2375pt x 252.945pt>
File: fish_parta_means_50.png Graphic file (type png)
<use fish_parta_means_50.png>
Package pdftex.def Info: fish_parta_means_50.png  used on input line 207.
(pdftex.def)             Requested size: 241.49895pt x 184.41673pt.
 [4 <./fish_parta_means_10.png> <./fish_parta_means_20.png>] [5 <./fish_parta_m
eans_50.png>]
<fish_wts_partb.png, id=32, 503.8825pt x 684.5575pt>
File: fish_wts_partb.png Graphic file (type png)
<use fish_wts_partb.png>
Package pdftex.def Info: fish_wts_partb.png  used on input line 283.
(pdftex.def)             Requested size: 241.49895pt x 328.09293pt.
 [6] [7 <./fish_wts_partb.png>]
<fish_partc_means_10_400.png, id=42, 331.2375pt x 252.945pt>
File: fish_partc_means_10_400.png Graphic file (type png)
<use fish_partc_means_10_400.png>
Package pdftex.def Info: fish_partc_means_10_400.png  used on input line 330.
(pdftex.def)             Requested size: 241.49895pt x 184.41673pt.
<fish_partc_means_10.png, id=43, 331.2375pt x 252.945pt>
File: fish_partc_means_10.png Graphic file (type png)
<use fish_partc_means_10.png>
Package pdftex.def Info: fish_partc_means_10.png  used on input line 336.
(pdftex.def)             Requested size: 241.49895pt x 184.41673pt.
 [8 <./fish_partc_means_10_400.png>]
<fish_partc_means_20.png, id=48, 331.2375pt x 252.945pt>
File: fish_partc_means_20.png Graphic file (type png)
<use fish_partc_means_20.png>
Package pdftex.def Info: fish_partc_means_20.png  used on input line 343.
(pdftex.def)             Requested size: 241.49895pt x 184.41673pt.
<fish_partc_means_50.png, id=49, 331.2375pt x 252.945pt>
File: fish_partc_means_50.png Graphic file (type png)
<use fish_partc_means_50.png>
Package pdftex.def Info: fish_partc_means_50.png  used on input line 350.
(pdftex.def)             Requested size: 241.49895pt x 184.41673pt.
 [9 <./fish_partc_means_10.png> <./fish_partc_means_20.png>]
<fish_wts_partc_10.png, id=55, 503.8825pt x 684.5575pt>
File: fish_wts_partc_10.png Graphic file (type png)
<use fish_wts_partc_10.png>
Package pdftex.def Info: fish_wts_partc_10.png  used on input line 359.
(pdftex.def)             Requested size: 241.49895pt x 328.09293pt.
 [10 <./fish_partc_means_50.png>]
<fish_wts_partc_400.png, id=60, 503.8825pt x 684.5575pt>
File: fish_wts_partc_400.png Graphic file (type png)
<use fish_wts_partc_400.png>
Package pdftex.def Info: fish_wts_partc_400.png  used on input line 365.
(pdftex.def)             Requested size: 241.49895pt x 328.09293pt.
 [11 <./fish_wts_partc_10.png>] [12 <./fish_wts_partc_400.png>]
<fish_partd_means_10.png, id=69, 331.2375pt x 252.945pt>
File: fish_partd_means_10.png Graphic file (type png)
<use fish_partd_means_10.png>
Package pdftex.def Info: fish_partd_means_10.png  used on input line 413.
(pdftex.def)             Requested size: 241.49895pt x 184.41673pt.
<fish_partd_means_20.png, id=70, 331.2375pt x 252.945pt>
File: fish_partd_means_20.png Graphic file (type png)
<use fish_partd_means_20.png>
Package pdftex.def Info: fish_partd_means_20.png  used on input line 420.
(pdftex.def)             Requested size: 241.49895pt x 184.41673pt.
 [13 <./fish_partd_means_10.png>]
<fish_partd_means_50.png, id=76, 331.2375pt x 252.945pt>
File: fish_partd_means_50.png Graphic file (type png)
<use fish_partd_means_50.png>
Package pdftex.def Info: fish_partd_means_50.png  used on input line 427.
(pdftex.def)             Requested size: 241.49895pt x 184.41673pt.
<fish_wts_partd.png, id=77, 503.8825pt x 684.5575pt>
File: fish_wts_partd.png Graphic file (type png)
<use fish_wts_partd.png>
Package pdftex.def Info: fish_wts_partd.png  used on input line 435.
(pdftex.def)             Requested size: 241.49895pt x 328.09293pt.
 [14 <./fish_partd_means_20.png> <./fish_partd_means_50.png>] [15 <./fish_wts_p
artd.png>]
(./HW5Report.aux) ) 
Here is how much of TeX's memory you used:
 4673 strings out of 492616
 63520 string characters out of 6129481
 333634 words of memory out of 5000000
 8534 multiletter control sequences out of 15000+600000
 9051 words of font info for 34 fonts, out of 8000000 for 9000
 1141 hyphenation exceptions out of 8191
 41i,6n,35p,385b,1591s stack positions out of 5000i,500n,10000p,200000b,80000s
</usr/local/texlive/2019/texmf-dist/fonts/type1/public/amsfo
nts/cm/cmbx12.pfb></usr/local/texlive/2019/texmf-dist/fonts/type1/public/amsfon
ts/cm/cmmi10.pfb></usr/local/texlive/2019/texmf-dist/fonts/type1/public/amsfont
s/cm/cmr10.pfb></usr/local/texlive/2019/texmf-dist/fonts/type1/public/amsfonts/
cm/cmr12.pfb></usr/local/texlive/2019/texmf-dist/fonts/type1/public/amsfonts/cm
/cmr17.pfb></usr/local/texlive/2019/texmf-dist/fonts/type1/public/amsfonts/cm/c
mr5.pfb></usr/local/texlive/2019/texmf-dist/fonts/type1/public/amsfonts/cm/cmtt
8.pfb>
Output written on HW5Report.pdf (15 pages, 916106 bytes).
PDF statistics:
 111 PDF objects out of 1000 (max. 8388607)
 57 compressed objects within 1 object stream
 0 named destinations out of 1000 (max. 500000)
 76 words of extra memory for PDF output out of 10000 (max. 10000000)

